<?xml version="1.0" encoding="UTF-8"?>
<testsuite xmlns:xsi="http://www.w3.org/2001/XMLSchema-instance" xsi:noNamespaceSchemaLocation="https://maven.apache.org/surefire/maven-surefire-plugin/xsd/surefire-test-report-3.0.xsd" version="3.0" name="Tests" time="0.182" tests="15" errors="0" skipped="0" failures="0">
  <properties>
    <property name="java.specification.version" value="21"/>
    <property name="sun.cpu.isalist" value="amd64"/>
    <property name="sun.jnu.encoding" value="Cp1252"/>
    <property name="java.class.path" value="D:\nn\SortingTechiques\target\test-classes;D:\nn\SortingTechiques\target\classes;C:\Users\Micro Systems\.m2\repository\org\junit\jupiter\junit-jupiter-api\5.10.0\junit-jupiter-api-5.10.0.jar;C:\Users\Micro Systems\.m2\repository\org\opentest4j\opentest4j\1.3.0\opentest4j-1.3.0.jar;C:\Users\Micro Systems\.m2\repository\org\junit\platform\junit-platform-commons\1.10.0\junit-platform-commons-1.10.0.jar;C:\Users\Micro Systems\.m2\repository\org\apiguardian\apiguardian-api\1.1.2\apiguardian-api-1.1.2.jar;C:\Users\Micro Systems\.m2\repository\org\junit\jupiter\junit-jupiter-engine\5.10.0\junit-jupiter-engine-5.10.0.jar;C:\Users\Micro Systems\.m2\repository\org\junit\platform\junit-platform-engine\1.10.0\junit-platform-engine-1.10.0.jar;"/>
    <property name="java.vm.vendor" value="Oracle Corporation"/>
    <property name="sun.arch.data.model" value="64"/>
    <property name="user.variant" value=""/>
    <property name="java.vendor.url" value="https://java.oracle.com/"/>
    <property name="user.timezone" value="Africa/Cairo"/>
    <property name="os.name" value="Windows 10"/>
    <property name="java.vm.specification.version" value="21"/>
    <property name="sun.java.launcher" value="SUN_STANDARD"/>
    <property name="user.country" value="US"/>
    <property name="sun.boot.library.path" value="C:\Program Files\Java\jdk-21\bin"/>
    <property name="sun.java.command" value="C:\Users\Micro Systems\AppData\Local\Temp\surefire7005439570343396208\surefirebooter-20250312231510370_3.jar C:\Users\Micro Systems\AppData\Local\Temp\surefire7005439570343396208 2025-03-12T23-15-10_142-jvmRun1 surefire-20250312231510370_1tmp surefire_0-20250312231510370_2tmp"/>
    <property name="jdk.debug" value="release"/>
    <property name="surefire.test.class.path" value="D:\nn\SortingTechiques\target\test-classes;D:\nn\SortingTechiques\target\classes;C:\Users\Micro Systems\.m2\repository\org\junit\jupiter\junit-jupiter-api\5.10.0\junit-jupiter-api-5.10.0.jar;C:\Users\Micro Systems\.m2\repository\org\opentest4j\opentest4j\1.3.0\opentest4j-1.3.0.jar;C:\Users\Micro Systems\.m2\repository\org\junit\platform\junit-platform-commons\1.10.0\junit-platform-commons-1.10.0.jar;C:\Users\Micro Systems\.m2\repository\org\apiguardian\apiguardian-api\1.1.2\apiguardian-api-1.1.2.jar;C:\Users\Micro Systems\.m2\repository\org\junit\jupiter\junit-jupiter-engine\5.10.0\junit-jupiter-engine-5.10.0.jar;C:\Users\Micro Systems\.m2\repository\org\junit\platform\junit-platform-engine\1.10.0\junit-platform-engine-1.10.0.jar;"/>
    <property name="sun.cpu.endian" value="little"/>
    <property name="user.home" value="C:\Users\Micro Systems"/>
    <property name="user.language" value="en"/>
    <property name="java.specification.vendor" value="Oracle Corporation"/>
    <property name="java.version.date" value="2025-01-21"/>
    <property name="java.home" value="C:\Program Files\Java\jdk-21"/>
    <property name="file.separator" value="\"/>
    <property name="basedir" value="D:\nn\SortingTechiques"/>
    <property name="java.vm.compressedOopsMode" value="32-bit"/>
    <property name="line.separator" value="&#10;"/>
    <property name="java.vm.specification.vendor" value="Oracle Corporation"/>
    <property name="java.specification.name" value="Java Platform API Specification"/>
    <property name="surefire.real.class.path" value="C:\Users\Micro Systems\AppData\Local\Temp\surefire7005439570343396208\surefirebooter-20250312231510370_3.jar"/>
    <property name="user.script" value=""/>
    <property name="sun.management.compiler" value="HotSpot 64-Bit Tiered Compilers"/>
    <property name="java.runtime.version" value="21.0.6+8-LTS-188"/>
    <property name="user.name" value="Micro Systems"/>
    <property name="stdout.encoding" value="Cp1252"/>
    <property name="path.separator" value=";"/>
    <property name="os.version" value="10.0"/>
    <property name="java.runtime.name" value="Java(TM) SE Runtime Environment"/>
    <property name="file.encoding" value="UTF-8"/>
    <property name="java.vm.name" value="Java HotSpot(TM) 64-Bit Server VM"/>
    <property name="localRepository" value="C:\Users\Micro Systems\.m2\repository"/>
    <property name="java.vendor.url.bug" value="https://bugreport.java.com/bugreport/"/>
    <property name="java.io.tmpdir" value="C:\Users\MICROS~1\AppData\Local\Temp\"/>
    <property name="java.version" value="21.0.6"/>
    <property name="user.dir" value="D:\nn\SortingTechiques"/>
    <property name="os.arch" value="amd64"/>
    <property name="java.vm.specification.name" value="Java Virtual Machine Specification"/>
    <property name="sun.os.patch.level" value=""/>
    <property name="native.encoding" value="Cp1252"/>
    <property name="java.library.path" value="C:\Program Files\Java\jdk-21\bin;C:\Windows\Sun\Java\bin;C:\Windows\system32;C:\Windows;C:\Program Files\Common Files\Oracle\Java\javapath;C:\Python313\Scripts\;C:\Python313\;C:\Windows\system32;C:\Windows;C:\Windows\System32\Wbem;C:\Windows\System32\WindowsPowerShell\v1.0\;C:\Windows\System32\OpenSSH\;C:\Program Files\Microsoft VS Code\bin;C:\mingw64\bin;C:\Program Files\nodejs\;C:\ProgramData\chocolatey\bin;C:\Program Files\Git\cmd;C:\Program Files\Java\jdk-21\bin;C:\apache-maven-3.9.9\bin;C:\Users\Micro Systems\AppData\Local\Microsoft\WindowsApps;C:\Users\Micro Systems\AppData\Roaming\npm;C:\apache-maven-3.9.9\bin;;."/>
    <property name="java.vm.info" value="mixed mode, sharing"/>
    <property name="stderr.encoding" value="Cp1252"/>
    <property name="java.vendor" value="Oracle Corporation"/>
    <property name="java.vm.version" value="21.0.6+8-LTS-188"/>
    <property name="sun.io.unicode.encoding" value="UnicodeLittle"/>
    <property name="java.class.version" value="65.0"/>
  </properties>
  <testcase name="insertionTest1" classname="Tests" time="0.058">
    <system-out><![CDATA[Time taken: 0ms
]]></system-out>
  </testcase>
  <testcase name="insertionTest2" classname="Tests" time="0.002">
    <system-out><![CDATA[Time taken: 0ms
]]></system-out>
  </testcase>
  <testcase name="insertionTest3" classname="Tests" time="0.004">
    <system-out><![CDATA[Time taken: 0ms
]]></system-out>
  </testcase>
  <testcase name="insertionTest4" classname="Tests" time="0.001">
    <system-out><![CDATA[Time taken: 0ms
]]></system-out>
  </testcase>
  <testcase name="insertionTest5" classname="Tests" time="0.002">
    <system-out><![CDATA[Time taken: 0ms
]]></system-out>
  </testcase>
  <testcase name="insertionTest6" classname="Tests" time="0.003">
    <system-out><![CDATA[Time taken: 0ms
]]></system-out>
  </testcase>
  <testcase name="insertionTest7" classname="Tests" time="0.0">
    <system-out><![CDATA[Time taken: 0ms
]]></system-out>
  </testcase>
  <testcase name="insertionTest8" classname="Tests" time="0.005">
    <system-out><![CDATA[Time taken: 0ms
]]></system-out>
  </testcase>
  <testcase name="insertionTest9" classname="Tests" time="0.002">
    <system-out><![CDATA[Time taken: 0ms
]]></system-out>
  </testcase>
  <testcase name="insertionTest10" classname="Tests" time="0.0">
    <system-out><![CDATA[Time taken: 0ms
]]></system-out>
  </testcase>
  <testcase name="insertionTest11" classname="Tests" time="0.005">
    <system-out><![CDATA[Time taken: 0ms
]]></system-out>
  </testcase>
  <testcase name="insertionTest12" classname="Tests" time="0.009">
    <system-out><![CDATA[Time taken: 0ms
]]></system-out>
  </testcase>
  <testcase name="insertionTest13" classname="Tests" time="0.003">
    <system-out><![CDATA[Time taken: 0ms
]]></system-out>
  </testcase>
  <testcase name="insertionTest14" classname="Tests" time="0.0">
    <system-out><![CDATA[Time taken: 0ms
]]></system-out>
  </testcase>
  <testcase name="insertionTest15" classname="Tests" time="0.002">
    <system-out><![CDATA[Time taken: 0ms
]]></system-out>
  </testcase>
</testsuite>